<?xml version="1.0" encoding="UTF-8"?>
<testng-results skipped="0" failed="0" ignored="0" total="5" passed="5">
  <reporter-output>
  </reporter-output>
  <suite name="Default suite" duration-ms="35765" started-at="2022-02-10T10:08:12Z" finished-at="2022-02-10T10:08:47Z">
    <groups>
    </groups>
    <test name="Default test" duration-ms="35765" started-at="2022-02-10T10:08:12Z" finished-at="2022-02-10T10:08:47Z">
      <class name="org.sampletest.SampleTestNgBase">
        <test-method status="PASS" signature="beforeClass()[pri:0, instance:org.sampletest.SampleTestNgBase@71318ec4]" name="beforeClass" is-config="true" duration-ms="16382" started-at="2022-02-10T10:08:12Z" finished-at="2022-02-10T10:08:28Z">
          <reporter-output>
          </reporter-output>
        </test-method> <!-- beforeClass -->
        <test-method status="PASS" signature="tc01()[pri:0, instance:org.sampletest.SampleTestNgBase@71318ec4]" name="tc01" duration-ms="4108" started-at="2022-02-10T10:08:28Z" finished-at="2022-02-10T10:08:32Z">
          <reporter-output>
          </reporter-output>
        </test-method> <!-- tc01 -->
        <test-method status="PASS" signature="tc02()[pri:0, instance:org.sampletest.SampleTestNgBase@71318ec4]" name="tc02" duration-ms="2576" started-at="2022-02-10T10:08:32Z" finished-at="2022-02-10T10:08:35Z">
          <reporter-output>
          </reporter-output>
        </test-method> <!-- tc02 -->
        <test-method status="PASS" signature="tc03()[pri:0, instance:org.sampletest.SampleTestNgBase@71318ec4]" name="tc03" duration-ms="872" started-at="2022-02-10T10:08:35Z" finished-at="2022-02-10T10:08:36Z">
          <reporter-output>
          </reporter-output>
        </test-method> <!-- tc03 -->
        <test-method status="PASS" signature="tc04()[pri:0, instance:org.sampletest.SampleTestNgBase@71318ec4]" name="tc04" duration-ms="1626" started-at="2022-02-10T10:08:36Z" finished-at="2022-02-10T10:08:37Z">
          <reporter-output>
          </reporter-output>
        </test-method> <!-- tc04 -->
        <test-method status="PASS" signature="tc05()[pri:0, instance:org.sampletest.SampleTestNgBase@71318ec4]" name="tc05" duration-ms="10126" started-at="2022-02-10T10:08:37Z" finished-at="2022-02-10T10:08:47Z">
          <reporter-output>
          </reporter-output>
        </test-method> <!-- tc05 -->
      </class> <!-- org.sampletest.SampleTestNgBase -->
    </test> <!-- Default test -->
  </suite> <!-- Default suite -->
</testng-results>
